<?xml version="1.0" encoding="UTF-8"?>
<!-- Generated by org.testng.reporters.JUnitReportReporter -->
<testsuite hostname="LAPTOP-FI73UU61" failures="0" tests="1" name="BasicRequests.DataReadingFromHashmap" time="5.524" errors="0" timestamp="2022-11-24T12:55:52 IST" skipped="0">
  <testcase classname="BasicRequests.DataReadingFromHashmap" name="POST" time="5.524"/>
  <system-out/>
</testsuite> <!-- BasicRequests.DataReadingFromHashmap -->
