<?xml version="1.0" encoding="UTF-8"?>
<!-- Generated by org.testng.reporters.JUnitReportReporter -->
<testsuite hostname="LAPTOP-FI73UU61" failures="0" tests="3" name="BasicRequests.DataProviderMethod" time="13.191" errors="0" timestamp="2022-11-24T12:46:57 IST" skipped="0">
  <testcase classname="BasicRequests.DataProviderMethod" name="PATCHUsingDataProvider" time="4.062"/>
  <system-out/>
  <testcase classname="BasicRequests.DataProviderMethod" name="PATCHUsingDataProvider" time="4.054"/>
  <system-out/>
  <testcase classname="BasicRequests.DataProviderMethod" name="PATCHUsingDataProvider" time="5.075"/>
  <system-out/>
</testsuite> <!-- BasicRequests.DataProviderMethod -->
