<?xml version="1.0" encoding="UTF-8"?>
<!-- Generated by org.testng.reporters.JUnitReportReporter -->
<testsuite hostname="LAPTOP-FI73UU61" failures="0" tests="1" name="BasicRequests.DataReadingFromPOJOClass" time="5.360" errors="0" timestamp="2022-11-24T13:37:57 IST" skipped="0">
  <testcase classname="BasicRequests.DataReadingFromPOJOClass" name="POST" time="5.360"/>
  <system-out/>
</testsuite> <!-- BasicRequests.DataReadingFromPOJOClass -->
