<?xml version="1.0" encoding="UTF-8"?>
<!-- Generated by org.testng.reporters.JUnitReportReporter -->
<testsuite hostname="LAPTOP-FI73UU61" failures="0" tests="1" name="BasicRequests.DataReadingFromPOJOClassDeserialization" time="3.263" errors="0" timestamp="2022-11-24T13:41:00 IST" skipped="0">
  <testcase classname="BasicRequests.DataReadingFromPOJOClassDeserialization" name="POST" time="3.263"/>
  <system-out/>
</testsuite> <!-- BasicRequests.DataReadingFromPOJOClassDeserialization -->
