<?xml version="1.0" encoding="UTF-8"?>
<!-- Generated by org.testng.reporters.JUnitReportReporter -->
<testsuite hostname="LAPTOP-FI73UU61" failures="0" tests="1" name="BasicRequests.Assertions" time="5.087" errors="0" timestamp="2022-11-24T12:31:33 IST" skipped="0">
  <testcase classname="BasicRequests.Assertions" name="Assertion" time="5.087"/>
  <system-out/>
</testsuite> <!-- BasicRequests.Assertions -->
