<?xml version="1.0" encoding="UTF-8"?>
<!-- Generated by org.testng.reporters.JUnitReportReporter -->
<testsuite hostname="LAPTOP-FI73UU61" failures="0" tests="1" name="BasicRequests.DataReadingFromJsonFile" time="5.145" errors="0" timestamp="2022-11-24T13:05:41 IST" skipped="0">
  <testcase classname="BasicRequests.DataReadingFromJsonFile" name="POST" time="5.145"/>
  <system-out/>
</testsuite> <!-- BasicRequests.DataReadingFromJsonFile -->
