<?xml version="1.0" encoding="UTF-8"?>
<!-- Generated by org.testng.reporters.JUnitReportReporter -->
<testsuite hostname="LAPTOP-FI73UU61" failures="0" tests="5" name="APIRequest.Basic5APIRequest" time="5.390" errors="0" timestamp="2022-11-29T11:11:26 IST" skipped="4">
  <testcase classname="APIRequest.Basic5APIRequest" name="PATCH" time="5.390"/>
  <system-out/>
  <testcase classname="APIRequest.Basic5APIRequest" name="GET">
    <skipped/>
  </testcase> <!-- GET -->
  <system-out/>
  <testcase classname="APIRequest.Basic5APIRequest" name="PUT">
    <skipped/>
  </testcase> <!-- PUT -->
  <system-out/>
  <testcase classname="APIRequest.Basic5APIRequest" name="Delete">
    <skipped/>
  </testcase> <!-- Delete -->
  <system-out/>
  <testcase classname="APIRequest.Basic5APIRequest" name="Post">
    <skipped/>
  </testcase> <!-- Post -->
  <system-out/>
</testsuite> <!-- APIRequest.Basic5APIRequest -->
