<?xml version="1.0" encoding="UTF-8"?>
<!-- Generated by org.testng.reporters.JUnitReportReporter -->
<testsuite hostname="LAPTOP-FI73UU61" failures="0" tests="10" name="BasicRequests.FirstRequest" time="13.220" errors="0" timestamp="2022-11-24T12:43:28 IST" skipped="7">
  <testcase classname="BasicRequests.FirstRequest" name="PATCHUsingDataProvider" time="5.103"/>
  <system-out/>
  <testcase classname="BasicRequests.FirstRequest" name="PATCHUsingDataProvider" time="4.060"/>
  <system-out/>
  <testcase classname="BasicRequests.FirstRequest" name="PATCHUsingDataProvider" time="4.057"/>
  <system-out/>
  <testcase classname="BasicRequests.FirstRequest" name="PATCH">
    <skipped/>
  </testcase> <!-- PATCH -->
  <system-out/>
  <testcase classname="BasicRequests.FirstRequest" name="GET">
    <skipped/>
  </testcase> <!-- GET -->
  <system-out/>
  <testcase classname="BasicRequests.FirstRequest" name="PUT">
    <skipped/>
  </testcase> <!-- PUT -->
  <system-out/>
  <testcase classname="BasicRequests.FirstRequest" name="Delete">
    <skipped/>
  </testcase> <!-- Delete -->
  <system-out/>
  <testcase classname="BasicRequests.FirstRequest" name="QueryParameter">
    <skipped/>
  </testcase> <!-- QueryParameter -->
  <system-out/>
  <testcase classname="BasicRequests.FirstRequest" name="POST">
    <skipped/>
  </testcase> <!-- POST -->
  <system-out/>
  <testcase classname="BasicRequests.FirstRequest" name="Assertions">
    <skipped/>
  </testcase> <!-- Assertions -->
  <system-out/>
</testsuite> <!-- BasicRequests.FirstRequest -->
