<?xml version="1.0" encoding="UTF-8"?>
<!-- Generated by org.testng.reporters.JUnitReportReporter -->
<testsuite hostname="LAPTOP-FI73UU61" failures="0" tests="1" name="BasicRequests.DataReadingFromJSONFile" time="5.240" errors="0" timestamp="2022-11-23T12:20:53 IST" skipped="0">
  <testcase classname="BasicRequests.DataReadingFromJSONFile" name="POST" time="5.240"/>
  <system-out/>
</testsuite> <!-- BasicRequests.DataReadingFromJSONFile -->
