<?xml version="1.0" encoding="UTF-8"?>
<!-- Generated by org.testng.reporters.JUnitReportReporter -->
<testsuite hostname="LAPTOP-FI73UU61" failures="0" tests="1" name="BasicRequests.DataReadingFromPOJOClass" time="3.300" errors="0" timestamp="2022-11-23T13:29:53 IST" skipped="0">
  <testcase classname="BasicRequests.DataReadingFromPOJOClass" name="POST" time="3.300"/>
  <system-out/>
</testsuite> <!-- BasicRequests.DataReadingFromPOJOClass -->
